Electric Version 8.05
--------------- 0 --------------
  Wed Feb 21 20:54:07 EST 2018
Menu Activated: File | Open Library...
--------------- 1 --------------
  Wed Feb 21 20:54:24 EST 2018
Menu Activated: Tool | Simulation (Built-in) | Restore Stimuli from Disk...
--------------- 2 --------------
  Wed Feb 21 20:54:30 EST 2018
Menu Activated: Tool | Simulation (Built-in) | ALS: Simulate Current Cell
--------------- 3 --------------
  Wed Feb 21 20:54:34 EST 2018
Menu Activated: Tool | Simulation (Built-in) | Restore Stimuli from Disk...
--------------- 4 --------------
  Wed Feb 21 20:56:57 EST 2018
Menu Activated: Tool | Simulation (Built-in) | ALS: Simulate Current Cell
--------------- 5 --------------
  Wed Feb 21 20:57:02 EST 2018
Menu Activated: Tool | Simulation (Built-in) | Restore Stimuli from Disk...
--------------- 6 --------------
  Wed Feb 21 20:58:27 EST 2018
Menu Activated: Tool | Simulation (Built-in) | ALS: Simulate Current Cell
--------------- 7 --------------
  Wed Feb 21 20:58:37 EST 2018
Menu Activated: Tool | Simulation (Built-in) | ALS: Simulate Current Cell
--------------- 8 --------------
  Wed Feb 21 20:58:43 EST 2018
Menu Activated: Tool | Simulation (Built-in) | Restore Stimuli from Disk...
--------------- 9 --------------
  Wed Feb 21 20:58:54 EST 2018
ProcessKeyBinding 402 when=1519264734386 modifiers=0 code=27 char=ffff false false
--------------- 10 --------------
  Wed Feb 21 20:58:55 EST 2018
Menu Activated: Edit | Modes | Edit | Toggle Pan
--------------- 11 --------------
  Wed Feb 21 20:59:02 EST 2018
Menu Activated: Tool | Simulation (Built-in) | Update Simulation Window
--------------- 12 --------------
  Wed Feb 21 20:59:30 EST 2018
Menu Activated: Edit | Modes | Movement | Quarter motion
--------------- 13 --------------
  Wed Feb 21 20:59:33 EST 2018
Menu Activated: Tool | Simulation (Built-in) | Update Simulation Window
--------------- 14 --------------
  Wed Feb 21 21:00:07 EST 2018
Menu Activated: Tool | Simulation (Built-in) | Update Simulation Window
